<?xml version="1.0" encoding="UTF-8"?>
<!-- Generated by org.testng.reporters.JUnitReportReporter -->
<testsuite skipped="0" hostname="LAPTOP-KNLIASVN" name="org.example.testsuite.LoginPageTest" tests="1" failures="0" timestamp="2023-01-22T16:55:19 GMT" time="5.968" errors="0">
  <testcase name="usershouldTypeTescoOnBrowser" time="5.968" classname="org.example.testsuite.LoginPageTest"/>
  <system-out>
    <![CDATA[Clicking on login link By.id: L2AGLb]]>
  </system-out>
</testsuite> <!-- org.example.testsuite.LoginPageTest -->
